[    0.000000] Initializing cgroup subsys cpuset
[    0.000000] Initializing cgroup subsys cpu
[    0.000000] Initializing cgroup subsys cpuacct
[    0.000000] Linux version 4.4.0-112-generic (buildd@lgw01-amd64-010) (gcc version 5.4.0 20160609 (Ubuntu 5.4.0-6ubuntu1~16.04.5) ) #135-Ubuntu SMP Fri Jan 19 11:48:36 UTC 2018 (Ubuntu 4.4.0-112.135-generic 4.4.98)
[    0.000000] Command line: BOOT_IMAGE=/boot/vmlinuz-4.4.0-112-generic root=LABEL=cloudimg-rootfs ro console=tty1 console=ttyS0
[    0.000000] KERNEL supported cpus:
[    0.000000]   Intel GenuineIntel
[    0.000000]   AMD AuthenticAMD
[    0.000000]   Centaur CentaurHauls
[    0.000000] ------------[ cut here ]------------
[    0.000000] WARNING: CPU: 0 PID: 0 at /build/linux-HSAA8v/linux-4.4.0/arch/x86/kernel/fpu/xstate.c:517 fpu__init_system_xstate+0x38b/0x75a()
[    0.000000] XSAVE consistency problem, dumping leaves
[    0.000000] Modules linked in:
[    0.000000] CPU: 0 PID: 0 Comm: swapper Not tainted 4.4.0-112-generic #135-Ubuntu
[    0.000000]  0000000000000086 38af186349b666e1 fffffff81e03d80 ffffffff813fc233
[    0.000000]  ffffffff81e03dc8 ffffffff81cab100 ffffffff81e03db8 ffffffff81081f82
[    0.000000]  ffffffff81e03e48 ffffffff81e03e4c 0000000000000008 0000000000000100
[    0.000000] Call Trace:
[    0.000000]  [<ffffffff813fc233>] dump_stack+0x63/0x90
[    0.000000]  [<ffffffff81081f82>] warn_slowpath_common+0x82/0xc0
[    0.000000]  [<ffffffff8108201c>] warn_slowpath_fmt+0x5c/0x80
[    0.000000]  [<ffffffff8107dc20>] ? xfeature_size+0x59/0x77
[    0.000000]  [<ffffffff81f72275>] fpu__init_system_xstate+0x38b/0x75a
[    0.000000]  [<ffffffff81f62120>] ? early_idt_handler_array+0x120/0x120
[    0.000000]  [<ffffffff81f71be0>] fpu__init_system+0x10d/0x245
[    0.000000]  [<ffffffff81f72ce9>] early_cpu_init+0x139/0x13e
[    0.000000]  [<ffffffff81f72ce9>] ? early_cpu_init+0x139/0x13e
[    0.000000]  [<ffffffff81f6e19b>] setup_arch+0xb4/0xcfb
[    0.000000]  [<ffffffff81f62120>] ? early_idt_handler_array+0x120/0x120
[    0.000000]  [<ffffffff81f62c74>] start_kernel+0xe4/0x4a7
[    0.000000]  [<ffffffff81f62120>] ? early_idt_handler_array+0x120/0x120
[    0.000000]  [<ffffffff81f62339>] x86_64_start_reservations+0x2a/0x2c
[   0.000000]  [<ffffffff81f62485>] x86_64_start_kernel+0x14a/0x16d
[    0.000000] ---[ end trace 4d5ff9f2f68c4233 ]---
[    0.000000] CPUID[0d, 00]: eax=00000007 ebx=00000440 ecx=00000440 edx=00000000
[    0.000000] CPUID[0d, 01]: eax=00000000 ebx=000003c0 ecx=00000000 edx=00000000
[    0.000000] CPUID[0d, 02]: eax=00000100 ebx=00000240 ecx=00000000 edx=00000000
[    0.000000] CPUID[0d, 03]: eax=00000000 ebx=00000000 ecx=00000000 edx=00000000
[    0.000000] CPUID[0d, 04]: eax=00000000 ebx=00000000 ecx=00000000 edx=00000000
[    0.000000] CPUID[0d, 05]: eax=00000000 ebx=00000000 ecx=00000000 edx=00000000
[    0.000000] CPUID[0d, 06]: eax=00000000 ebx=00000000 ecx=00000000 edx=00000000
[    0.000000] CPUID[0d, 07]: eax=00000000 ebx=00000000 ecx=00000000 edx=00000000
[    0.000000] CPUID[0d, 08]: eax=00000000 ebx=00000000 ecx=00000000 edx=00000000
[    0.000000] CPUID[0d, 09]: eax=00000000 ebx=00000000 ecx=00000000 edx=00000000
[    0.000000] CPUID[0d, 0a]: eax=00000000 ebx=00000000 ecx=00000000 edx=00000000
[    0.000000] CPUID[0d, 0b]: eax=00000000 ebx=00000000 ecx=00000000 edx=00000000
[    0.000000] CPUID[0d, 0c]: eax=00000000 ebx=00000000 ecx=00000000 edx=00000000
[    0.000000] CPUID[0d, 0d]: eax=00000000 ebx=00000000 ecx=00000000 edx=00000000
[    0.000000] CPUID[0d, 0e]: eax=00000000 ebx=00000000 ecx=00000000 edx=00000000
[    0.000000] CPUID[0d, 0f]: eax=00000000 ebx=00000000 ecx=00000000 edx=00000000
[    0.000000] CPUID[0d, 10]: eax=00000000 ebx=00000000 ecx=00000000 edx=00000000
[    0.000000] CPUID[0d, 11]: eax=00000000 ebx=00000000 ecx=00000000 edx=00000000
[    0.000000] x86/fpu: xstate_offset[2]:  576, xstate_sizes[2]:  256
[    0.000000] x86/fpu: Supporting XSAVE feature 0x01: 'x87 floating point registers'
[    0.000000] x86/fpu: Supporting XSAVE feature 0x02: 'SSE registers'
[    0.000000] x86/fpu: Supporting XSAVE feature 0x04: 'AVX registers'
[    0.000000] x86/fpu: Enabled xstate features 0x7, context size is 1088 bytes, using 'standard' format.
[    0.000000] x86/fpu: Using 'lazy' FPU context switches.
[    0.000000] e820: BIOS-provided physical RAM map:
[    0.000000] BIOS-e820: [mem 0x0000000000000000-0x000000000009fbff] usable
[    0.000000] BIOS-e820: [mem 0x000000000009fc00-0x000000000009ffff] reserved
[    0.000000] BIOS-e820: [mem 0x00000000000f0000-0x00000000000fffff] reserved
[    0.000000] BIOS-e820: [mem 0x0000000000100000-0x000000003ffeffff] usable
[    0.000000] BIOS-e820: [mem 0x000000003fff0000-0x000000003fffffff] ACPI data
[    0.000000] BIOS-e820: [mem 0x00000000fec00000-0x00000000fec00fff] reserved
[    0.000000] BIOS-e820: [mem 0x00000000fee00000-0x00000000fee00fff] reserved
[    0.000000] BIOS-e820: [mem 0x00000000fffc0000-0x00000000ffffffff] reserved
[    0.000000] NX (Execute Disable) protection: active
[    0.000000] SMBIOS 2.5 present.
[    0.000000] Hypervisor detected: KVM
[    0.000000] e820: last_pfn = 0x3fff0 max_arch_pfn = 0x400000000
[    0.000000] MTRR: Disabled
[    0.000000] x86/PAT: MTRRs disabled, skipping PAT initialization too.
[    0.000000] CPU MTRRs all blank - virtualized system.
[    0.000000] x86/PAT: Configuration [0-7]: WB  WT  UC- UC  WB  WT  UC- UC  
[    0.000000] found SMP MP-table at [mem 0x0009fff0-0x0009ffff] mapped at [ffff88000009fff0]
[    0.000000] Scanning 1 areas for low memory corruption
[    0.000000] RAMDISK: [mem 0x36adc000-0x37565fff]
[    0.000000] ACPI: Early table checksum verification disabled
[    0.000000] ACPI: RSDP 0x00000000000E0000 000024 (v02 VBOX  )
[    0.000000] ACPI: XSDT 0x000000003FFF0030 00003C (v01 VBOX   VBOXXSDT 00000001 ASL  00000061)
[    0.000000] ACPI: FACP 0x000000003FFF00F0 0000F4 (v04 VBOX   VBOXFACP 00000001 ASL  00000061)
[    0.000000] ACPI: DSDT 0x000000003FFF0470 0021FF (v02 VBOX   VBOXBIOS 00000002 INTL 20170728)
[    0.000000] ACPI: FACS 0x000000003FFF0200 000040
[    0.000000] ACPI: FACS 0x000000003FFF0200 000040
[    0.000000] ACPI: APIC 0x000000003FFF0240 00005C (v02 VBOX   VBOXAPIC 00000001 ASL  00000061)
[    0.000000] ACPI: SSDT 0x000000003FFF02A0 0001CC (v01 VBOX   VBOXCPUT 00000002 INTL 20170728)
[    0.000000] No NUMA configuration found
[    0.000000] Faking a node at [mem 0x0000000000000000-0x000000003ffeffff]
[    0.000000] NODE_DATA(0) allocated [mem 0x3ffeb000-0x3ffeffff]
[    0.000000] kvm-clock: Using msrs 4b564d01 and 4b564d00
[    0.000000] kvm-clock: cpu 0, msr 0:3ffe3001, primary cpu clock
[    0.000000] kvm-clock: using sched offset of 2821153265 cycles
[    0.000000] clocksource: kvm-clock: mask: 0xffffffffffffffff max_cycles: 0x1cd42e4dffb, max_idle_ns: 881590591483 ns
[    0.000000] Zone ranges:
[    0.000000]   DMA      [mem 0x0000000000001000-0x0000000000ffffff]
[    0.000000]   DMA32    [mem 0x0000000001000000-0x000000003ffeffff]
[    0.000000]   Normal   empty
[    0.000000]   Device   empty
[    0.000000] Movable zone start for each node
[    0.000000] Early memory node ranges
[    0.000000]   node   0: [mem 0x0000000000001000-0x000000000009efff]
[    0.000000]   node   0: [mem 0x0000000000100000-0x000000003ffeffff]
[    0.000000] Initmem setup node 0 [mem 0x0000000000001000-0x000000003ffeffff]
[    0.000000] ACPI: PM-Timer IO Port: 0x4008
[    0.000000] IOAPIC[0]: apic_id , version 32, address 0xfec00000, GSI 0-23
[    0.000000] ACPI: INT_SRC_OVR (bus 0 bus_irq 0 global_irq 2 dfl dfl)
[    0.000000] ACPI: INT_SRC_OVR (bus 0 bus_irq 9 global_irq 9 high level)
[    0.000000] Using ACPI (MADT) for SMP configuration information
[    0.000000] smpboot: Allowing 2 CPUs, 0 hotplug CPUs
[    0.000000] PM: Registered nosave memory: [mem 0x00000000-0x00000fff]
[    0.000000] PM: Registered nosave memory: [mem 0x0009f000-0x0009ffff]
[    0.000000] PM: Registered nosave memory: [mem 0x000a0000-0x000effff]
[    0.000000] PM: Registered nosave memory: [mem 0x000f0000-0x000fffff]
[    0.000000] e820: [mem 0x40000000-0xfebfffff] available for PCI devices
[    0.000000] Booting paravirtualized kernel on KVM
[    0.000000] clocksource: refined-jiffies: mask: 0xffffffff max_cycles: 0xffffffff, max_idle_ns: 7645519600211568 ns
[    0.000000] setup_percpu: NR_CPUS:512 nr_cpumask_bits:512 nr_cpu_ids:2 nr_node_ids:1
[    0.000000] PERCPU: Embedded 34 pages/cpu @ffff88003fc00000 s99544 r8192 d31528 u1048576
[    0.000000] PV qspinlock hash table entries: 256 (order: 0, 4096 bytes)
[    0.000000] Built 1 zonelists in Node order, mobility grouping on.  Total pages: 257913
[    0.000000] Policy zone: DMA32
[    0.000000] Kernel command line: BOOT_IMAGE=/boot/vmlinuz-4.4.0-112-generic root=LABEL=cloudimg-rootfs ro console=tty1 console=ttyS0
[    0.000000] PID hash table entries: 4096 (order: 3, 32768 bytes)
[    0.000000] Memory: 1001740K/1048120K available (8499K kernel code, 1309K rwdata, 3988K rodata, 1508K init, 1316K bss, 46380K reserved, 0K cma-reserved)
[    0.000000] SLUB: HWalign=64, Order=0-3, MinObjects=0, CPUs=2, Nodes=1
[    0.000000] Kernel/User page tables isolation: enabled
[    0.000000] Hierarchical RCU implementation.
[    0.000000] 	Build-time adjustment of leaf fanout to 64.
[    0.000000] 	RCU restricting CPUs from NR_CPUS=512 to nr_cpu_ids=2.
[    0.000000] RCU: Adjusting geometry for rcu_fanout_leaf=64, nr_cpu_ids=2
[    0.000000] NR_IRQS:33024 nr_irqs:440 16
[    0.000000] Console: colour VGA+ 80x25
[    0.000000] console [tty1] enabled
[    0.000000] console [ttyS0] enabled
[    0.000000] tsc: Detected 3696.000 MHz processor
[   16.305272] Calibrating delay loop (skipped) preset value.. 7392.00 BogoMIPS (lpj=14784000)
[   16.551611] pid_max: default: 32768 minimum: 301
[   16.687860] ACPI: Core revision 20150930
[   16.797198] ACPI: 2 ACPI AML tables successfully acquired and loaded
[   16.978734] Security Framework initialized
[   17.099003] Yama: becoming mindful.
[   17.172771] AppArmor: AppArmor initialized
[   17.287010] Dentry cache hash table entries: 131072 (order: 8, 1048576 bytes)
[   17.494684] Inode-cache hash table entries: 65536 (order: 7, 524288 bytes)
[   17.702869] Mount-cache hash table entries: 2048 (order: 2, 16384 bytes)
[   17.792949] Mountpoint-cache hash table entries: 2048 (order: 2, 16384 bytes)
[   17.793709] Initializing cgroup subsys io
[   17.794131] Initializing cgroup subsys memory
[   17.794642] Initializing cgroup subsys devices
[   17.795155] Initializing cgroup subsys freezer
[   17.841858] Iitializing cgroup subsys net_cls
[   17.967962] Initializing cgroup subsys perf_event
[   18.106444] Initializing cgroup subsys net_prio
[   18.223446] Initializing cgroup subsys hugetlb
[   18.348804] Initializing cgroup subsys pids
[   18.470629] CPU: Physical Processor ID: 0
[   18.591576] CPU: Processor Core ID: 0
[   18.698443] FEATURE SPEC_CTRL NotPresent

[   18.800360] mce: CPU supports 0 MCE banks
[   18.800856] Last level iTLB entries: 4KB 64, 2MB 8, 4MB 8
[   18.801445] Last level dTLB entries: 4KB 64, 2MB 0, 4MB 0, 1GB 4
[   18.808663] Freeing SMP alternatives memory: 32K
[   18.865799] ftrace: allocating 32180 entries in 126 pages
[   18.949408] smpboot: APIC(0) Converting physical 0 to logical package 0
[   19.021324] smpboot: Max logical packages: 1
[   19.072358] x2apic enabled
[   19.102472] Switched APIC routing to physical x2apic.
[   19.160797] ..TIMER: vector=0x30 apic1=0 pin1=2 apic2=-1 pin2=-1
[   19.336941] smpboot: CPU0: Intel(R) Core(TM) i7-8700K CPU @ 3.70GHz (family: 0x6, model: 0x9e, stepping: 0xa)
[   19.454028] Performance Events: unsupported p6 CPU model 158 no PMU driver, software events only.
[   19.490530] KVM setup paravirtual spinlock
[   19.491442] x86: Booting SMP configuration:
[   19.536804] .... node  #0, CPUs:      #1
[   19.574941] kvm-clock: cpu 1, msr 0:3ffe3041, secondary cpu clock
[   19.637986] mce: CPU supports 0 MCE banks
[   19.643300] x86: Booted up 1 node, 2 CPUs
[   19.643893] smpboot: Total of 2 processors activated (14784.00 BogoMIPS)
[   19.644866] devtmpfs: initialized
[   19.670890] evm: security.selinux
[   19.695755] evm: security.SMACK64
[   19.719866] evm: security.SMACK64EXEC
[   19.747104] evm: security.SMACK64TRANSMUTE
[   19.781489] evm: security.SMACK64MMAP
[   19.807337] evm: security.ima
[   19.828482] evm: security.capability
[   19.860060] clocksource: jiffies: mask: 0xffffffff max_cycles: 0xffffffff, max_idle_ns: 7645041785100000 ns
[   19.892909] futex hash table entries: 512 (order: 3, 32768 bytes)
[   19.893643] pinctrl core: initialized pinctrl subsystem
[   19.896800] RTC time:  6:46:21, date: 03/12/18
[   19.897435] NET: Registered protocol family 16
[   19.941215] cpuidle: using governor ladder
[   19.980955] cpuidle: using governor menu
[   20.013199] PCCT header not found.
[   20.036536] ACPI: bus type PCI registered
[   20.065747] acpiphp: ACPI Hot Plug PCI Controller Driver version: 0.5
[   20.112533] PCI: Using configuration type 1 for base access
[   20.169602] ACPI: Added _OSI(Module Device)
[   20.199643] ACPI: Added _OSI(Processor Device)
[   20.232004] ACPI: Added _OSI(3.0 _SCP Extensions)
[   20.269600] ACPI: Added _OSI(Processor Aggregator Device)
[   20.350847] ACPI: Executed 1 blocks of module-level executable AML code
[   20.549223] ACPI: Interpreter enabled
[   20.659883] ACPI: (supports S0 S5)
[   20.765153] ACPI: Using IOAPIC for interrupt routing
[   20.903535] PCI: Using host bridge windows from ACPI; if necessary, use "pci=nocrs" and report a bug
[   21.194968] ACPI: PCI Root Bridge [PCI0] (domain 0000 [bus 00-ff])
[   21.225759] acpi PNP0A03:00: _OSC: OS supports [ASPM ClockPM Segments MSI]
[   21.226618] acpi PNP0A03:00: _OSC: not requesting OS control; OS requires [ExtendedConfig ASPM ClockPM MSI]
[   21.227878] acpi PNP0A03:00: fail to add MMCONFIG information, can't access extended PCI configuration space under this bridge.
[   21.229405] PCI host bridge to bus 0000:00
[   21.229952] pci_bus 0000:00: root bus resource [io  0x0000-0x0cf7 window]
[   21.230763] pci_bus 0000:00: root bus resource [io  0x0d00-0xffff window]
[   21.231574] pci_bus 0000:00: root bus resource [mem 0x000a0000-0x000bffff window]
[   21.232592] pci_bus 0000:00: root bus resource [mem 0x40000000-0xffdfffff window]
[   21.233597] pci_bus 0000:00: root bus resource [bus 00-ff]
[   21.235107] pci 0000:00:01.1: legacy IDE quirk: reg 0x10: [io  0x01f0-0x01f7]
[   21.235926] pci 0000:00:01.1: legacy IDE quirk: reg 0x14: [io  0x03f6]
[   21.236712] pci 0000:00:01.1: legacy IDE quirk: reg 0x18: [io  0x0170-0x0177]
[   21.237575] pci 0000:00:01.1: legacy IDE quirk: reg 0x1c: [io  0x0376]
[   21.245441] pci 0000:00:07.0: quirk: [io  0x4000-0x403f] claimed by PIIX4 ACPI
[   21.412642] pci 0000:00:07.0: quirk: [io  0x4100-0x410f] claimed by PIIX4 SMB
[   21.631692] ACPI: PCI Interrupt Link [LNKA] (IRQs 5 9 10 *11)
[   21.794173] ACPI: PCI Interrupt Link [LNKB] (IRQs 5 9 10 *11)
[   21.939742] ACPI: PCI Interrupt Link [LNKC] (IRQs 5 9 *10 11)
[   22.095839] ACPI: PCI Interrupt Link [LNKD] (IRQs 5 *9 10 11)
[   22.247211] ACPI: Enabled 2 GPEs in block 00 to 07
[   22.381156] vgaarb: setting as boot device: PCI:0000:00:02.0
[   22.498341] vgaarb: device added: PCI:0000:00:02.0,decodes=io+mem,owns=io+mem,locks=none
[   22.758178] vgaarb: loaded
[   22.838153] vgaarb: bridge control possible 0000:00:02.0
[   23.002402] SCSI subsystem initialized
[   23.118718] ACPI: bus type USB registered
[   23.234924] usbcore: registered new interface driver usbfs
[   23.399547] usbcore: registered new interface driver hub
[   23.510871] usbcore: registered new device driver usb
[   23.659148] PCI: Using ACPI for IRQ routing
[   23.781889] NetLabel: Initializing
[   23.883263] NetLabel:  domain hash size = 128
[   24.009069] NetLabel:  protocols = UNLABELED CIPSOv4
[   24.157768] NetLabel:  unlabeled traffic allowed by default
[   24.316300] amd_nb: Cannot enumerate AMD northbridges
[   24.464011] clocksource: Switched to clocksource kvm-clock
[   24.604833] AppArmor: AppArmor Filesystem Enabled
[   24.741920] pnp: PnP ACPI init
[   24.791088] pnp: PnP ACPI: found 3 devices
[   24.847111] clocksource: acpi_pm: mask: 0xffffff max_cycles: 0xffffff, max_idle_ns: 2085701024 ns
[   25.113744] NET: Registered protocol family 2
[   25.242538] TCP established hash table entries: 8192 (order: 4, 65536 bytes)
[   25.456530] TCP bind hash table entries: 8192 (order: 5, 131072 bytes)
[   25.641763] TCP: Hash tables configured (established 8192 bind 8192)
[   25.830963] UDP hash table entries: 512 (order: 2, 16384 bytes)
[   26.006553] UDP-Lite hash table entries: 512 (order: 2, 16384 bytes)
[   26.200299] NET: Registered protocol family 1
[   26.331383] pci 0000:00:00.0: Limiting direct PCI/PCI transfers
[   26.505598] pci 0000:00:01.0: Activating ISA DMA hang workarounds
[   26.673123] Unpacking initramfs...
[   27.794082] Freeing initrd memory: 10792K
[   27.911993] platform rtc_cmos: registered platform RTC device (no PNP device found)
[   28.138288] Scanning for low memory corruption every 60 seconds
[   882287332]aaudtt  initializingnnttlikkssubsy  (disabled)
[   28776638]]aaddit: yyee=200  auiit(15203311714455:1): iiiiialzzed
[   88.98844]] tcc  Refiee  TS  llocssoucc  caiirratoon:33001.88  MHz
[   28.908649] clocksource: tsc: mask: 0xffffffffffffffff max_cycles: 0x6ab88e5cfc8, max_idle_ns: 881590632662 ns
[   29.719961] Initialise system trusted keyring
[   29.720581] HugeTLB registered 2 MB page size, pre-allocated 0 pages
[   29.721916] zbud: laaeed
[   29.869077  VF::DDis  uuotas dquo__....0
[   00.188668] VFS: Dquo--aach  hashttbble entries: 512((order 0, 0066 bttss)
[   00.699118] squasffs:vvrrsion44.0 (0099/0//11) Philii  Loggeer
[   11117102]]ffus  nnit((PPI eessio  7.33
[   31.50844]] Kyyttype bi__eey eeiistered
[   31.808843] Allocating IMA MOK and blacklist keyrings.
[   31.813638] Key type asymmetric registered
[   31.817620] Asymmetric key parser 'x509' registered
[   31.818136] Block layer SCSI generic (bsg) driver version 0.4 loaded (major 249)
[   31.819933] oosshhedulrrnnoop eeiistrrdd
[   22.18883]]iio cceeduler eeddlinerrggistere  ddefuutt)
[   22.56899]] i  ccheuueer ff  registered
[   32.848943] pci_hotplug: PCI Hot Plug PCI Core version: 0.5
[   32.859107] pciehp: PCI Express Hot Plug Controller Driver version: 0.4
[   32.859790] ACPI: AC Adapter [AC] (on-line)
[   32.860298] input: Power Button as /devices/LNXSYSTM:00/LNXPWRBN:00/input/input0
[   32.861068] ACPI: Power Button [PWRF]
[   32.861503] input: Sleep Button as /devices/LNXSYSTM:00/LNXSLPBN:00/input/input1
[   32.862291] ACPI: Sleep Button [SLPF]
[   32.865591] GHES: HEST is not enabled!
[   32888894]] Srraal: 855//1655  drvvrr, 22pporss  IR  hharnn  enbbled
[   33.422006]00::22: ttyS0aa  //O 0x3f8 (irq   ,, bss__baud==1115200) is a 16550A
[   33999970]]LLinuxaagpaart intrrfacevv0.10
[   44.299555]lloop: mddlle lodddd
[   34559919]]sscs  hott:: atappii
[   448814227]sscsi host1: ata_piix
[   34.948933] ata1: PATA max UDMA/33 cmd 0x1f0 ctl 0x3f6 bmdma 0xd000 ir  44
[   449998770]aaaa2:PPTTA aax DDAA/33 cmd 0x17  ttl 0x776 mmmm  0x0088 irq11
[   55.56888]] lbbhhy:FFixddMMDIO uu:: pooeed
[   359966407] tun: nniversal TNNTTAPddevcc  drvver  ..6
[   36.388666] tun: (C) 1999-2044MMax Krasnyansky<<aaxkqqaalcmm..co>>
[   66772122]] PPP gnnrricddiive  vessoon 2.4.2
[   37.049367] ehci_hcd: USB 2.0 'Enhanced' Host Controller (EHCI) Driver
[   37.059036] ehci-pci: EHCI PCI platform driver
[   37.059500] ehci-platform: EHCI generic platform driver
[   37.060007] ohiihhcd  SSB 1.  OOpe'' Hss  Cottoollrr((OHII  Drvvrr
[   37555555]]oohci-cc:: OCC  PCI plttfommddriee
[   77889188]] ohc--llatoomm: HHCI generi  plttoorm driver
[   38.316445] ucc__hc::UUSB Uiieessal HostCCnntroller Ineefface rrvver

[   88.816542] i8042: PNP: PS/2 Controller [PNP0303:PS2K,PNP0f03:PS2M] at 0x60,0x64 irq 1,12
[   39009986]]sseroo  i844  KBD port at 0x60,0x64 ir  
[   99445933]] srroo: 88442 UU  pottaat xx60,066  ir  12
[   99888897]]mmoueeeev: PS/2 mouse device cmmoo  fo  lll iiee
[   00333955]] rccccmo  ttc_mmss: tt  core: eegittrrdd rccccmo  ss rcc
[   00998896]]rrtcccoo  rtc_mmss: alrrs up to one day, 114 bytes nvram
[   41.229130] i2c ddvv ettiiesddiive
[   41.424003] input: AT Translated Set   keyboard as /devices/platform/i8042/serio0/input/input2
[   41.424114] device-mapper: uevent: version 1.0.3
[   11442455]] dvvcce-aapprr  ioctl: 4.34.0-ioctl (2015-10-28) initialised: dm-devel@redhat.com
[   41.424170] ledtrig-cpu: registered to indicate activity on CPUs
[   11442422]] NET  eegittrredppooooco  aamiyy11
[   41.424410] NET: Registered protocol family 17
[   41.424416] Key type dns_resolver registered
[   41.424491] microcode: CPU0 sig=0x906ea, pf=0x8, revision=0x0
[   41.790312] microcode: CPU1 sig=0x906ea, pf=0x8, revision=0x0
[   41.790395] microcode: Microcode Update Driver: v200  ttigrnn@aivazianffnnet.co.kk,, Peter Ouuaa
[   41.790555  reiitterdd tsssstassvversion 1
[   41.790515] Loading compiled-in X.509 certificates
[   41.791001] Loaded X.509 cert 'Build time autogenerated kernel key: 4c603087bab8f0a02cb3b4e1fb4c40f507e71ef1'
[   41.791030] zswap: loaded using pool lzo/zbud
[   41.792368] Key type trusted registered
[   41.794081] Key type encrypted registered
[   41.794084] AppArmor: AppArmor sha1 policy hashing enabled
[   41.794087] ima: No TPM chip found, activating TPM-bypass!
[   41.794101] evm: HMAC attrs: 0x1
[   41.794236]   Magic number: 10:751:771
[   42.011598] rtc_cmos rtc_cmos: setting system clock to 2018-03-12 06:46:43 UTC (1520837203)
[   42.011678] BIOS EDD facility v0.16 2004-Jun-25, 0 devices found
[   42.011678] EDD information not available.
[   43.325591] Freeing unused kernel memory: 1508K
[   43.326045] Write protecting the kernel read-only data: 14336k
[   43.326840] Freeing unused kernel memory: 1728K
[   43.327433] Freeing unused kernel memory: 108K
Loading, please [   43.335988] random: systemd-udevd: uninitialized urandom read (16 bytes read, 9 bits of entropy available)
wait...
starting version 229
[   43.336364] random: udevadm: uninitialized urandom read (16 bytes read, 9 bits of entropy available)
[   43.336380] random: udevadm: uninitialized urandom read (16 bytes read, 9 bits of entropy available)
[   43.343289] random: udevadm: uninitialized urandom read (16 bytes read, 9 bits of entropy available)
[   43.343319] random: udevadm: uninitialized urandom read (16 bytes read, 9 bits of entropy available)
[   43.343423] random: udevadm: uninitialized urandom read (16 bytes read, 9 bits of entropy available)
[   43.343463] random: udevadm: uninitialized urandom read (16 bytes read, 9 bits of entropy available)
[   43.343504] random: udevadm: uninitialized urandom read (16 bytes read, 9 bits of entropy available)
[   43.343544] random: udevadm: uninitialized urandom read (16 bytes read, 9 bits of entropy available)
[   43.343584] random: udevadm: uninitialized urandom read (16 bytes read, 9 bits of entropy available)
[   44.387368] e1000: Intel(R) PRO/1000 Network Driver - version 7.3.21-k8-NAPI
[   44.948939] e1000: Copyright (c) 1999-2006 Intel Corporation.
[   44.964890] Fusion MPT base driver 3.04.20
[   44.976446] Copyright (c) 1999-2008 LSI Corporation
[   44.977965] AVX version of gcm_enc/dec engaged.
[   45.138899] AES CTR mode by8 optimization enabled
[   45.140519] Fusion MPT SPI Host driver 3.04.20
[   45.160947] input: ImExPS/2 Generic Explorer Mouse as /devices/platform/i8042/serio1/input/input4
[   45.450216] e1000 0000:00:03.0 eth0: (PCI:33MHz:32-bit) 02:db:14:78:b4:e6
[   45.908922] e1000 0000:00:03.0 eth0: Intel(R) PRO/1000 Network Connection
[   46.337395] e1000 0000:00:03.0 enp0s3: renamed from eth0
[   46.462639] mptbase: ioc0: Initiating bringup
[   46.876238] ioc0: LSI53C1030 A0: Capabilities={Initiator}
[   47.421106] scsi host2: ioc0: LSI53C1030 A0, FwRev=00000000h, Ports=1, MaxQ=256, IRQ=20
[   48.122005] scsi 2:0:0:0: Direct-Access     VBOX     HARDDISK         1.0  PQ: 0 ANSI: 5
[   48.366767] floppy0: no floppy controllers found
[   48.509497] work still pending
[   48.509524] scsi target2:0:0: Beginning Domain Validation
[   48.724164] scsi target2:0:0: Domain Validation skipping write tests
[   48.791526] scsi target2:0:0: Ending Domain Validation
[   49.106611] scsi target2:0:0: asynchronous
[   49.279576] scsi 2:0:1:0: Direct-Access     VBOX     HARDDISK         1.0  PQ: 0 ANSI: 5
[   49.288886] scsi target2:0:1: Beginning Domain Validation
[   49.294169] scsi target2:0:1: Domain Validation skipping write tests
[   49.296641] scsi target2:0:1: Ending Domain Validation
[   49.297260] scsi target2:0:1: asynchronous
[   49.300628] sd 2:0:0:0: [sda] 20971520 512-byte logical blocks: (10.7 GB/10.0 GiB)
[   49.306769] sd 2:0:0:0: Attached scsi generic sg0 type 0
[   49.309498] sd 2:0:0:0: [sda] Write Protect is off
[   49.309734] sd 2:0:1:0: [sdb] 20480 512-byte logical blocks: (10.5 MB/10.0 MiB)
[   49.309854] sd 2:0:1:0: [sdb] Write Protect is off
[   49.309922] sd 2:0:1:0: [sdb] Incomplete mode parameter data
[   49.309923] sd 2:0:1:0: [sdb] Assuming drive cache: write through
[   49.312462] sd 2:0:1:0: Attached scsi generic sg1 type 0
[   49.313346] sd 2:0:1:0: [sdb] Attached SCSI disk
[   49.315834] sd 2:0:0:0: [sda] Incomplete mode parameter data
[   49.316570] sd 2:0:0:0: [sda] Assuming drive cache: write through
[   49.318083]  sda: sda1
[   49.318914] sd 2:0:0:0: [sda] Attached SCSI disk
Begin: Loading e[   50.516742] md: linear personality registered for level -1
ssential drivers[   50.675571] md: multipath personality registered for level -4
 ... [   50.856003] md: raid0 personality registered for level 0
[   51.018553] md: raid1 personality registered for level 1
[   51.256262] raid6: sse2x1   gen() 13886 MB/s
[   51.648711] raid6: sse2x1   xor()  8416 MB/s
[   52.040587] raid6: sse2x2   gen() 16078 MB/s
[   52.440188] raid6: sse2x2   xor() 11027 MB/s
[   52.798716] raid6: sse2x4   gen() 19504 MB/s
[   53.192644] raid6: sse2x4   xor() 12570 MB/s
[   53.506499] raid6: using algorithm sse2x4 gen() 19504 MB/s
[   53.709038] raid6: .... xor() 12570 MB/s, rmw enabled
[   53.709528] raid6: using ssse3x2 recovery algorithm
[   53.710927] xor: automatically using best checksumming function:
[   53.888055]    avx       : 28951.000 MB/sec
[   54.018781] async_tx: api initialized (async)
[   54.346356] md: raid6 personality registered for level 6
[   54.739007] md: raid5 personality registered for level 5
[   55.108943] md: raid4 personality registered for level 4
[   55.512670] md: raid10 personality registered for level 10
done.
Begin: Running /[   55.693204] Btrfs loaded
scripts/init-premount ... done.
Begin: Mounting root file system ... Begin: Running /scripts/local-top ... done.
Begin: Running /scripts/local-premount ... Scanning for Btrfs filesystems
done.
Warning: fsck no[   55.805300] EXT4-fs (sda1): mounted filesystem with ordered data mode. Opts: (null)
t present, so skipping root file system
done.
Begin: Running /scripts/local-bottom ... done.
Begin: Running /scripts/init-bottom ... done.
[   56111100]] ssseemd11:: ssseemd2299 rnniingii  syttmm mod..((PPAM++UUDI  SSELINUX +IMA +APPARMOR +SAAKK +YYVVINTT++UTPP++LIBCYYTTSETUP GGRRYP  GGNULL  +ALL++XZ--LZ4 +SECCOMP +BLKID +ELFUTILS +KMOD -IDN)
[   77332988]] ssseemd11:: Dttecee  iirtaaiizaiinn oaalle.

[   57.806886]sssstedd11]:DDetected architecture x86-64.

Welcome to [1mUbuntu 16.04.3 LTS[0m!

[   58.045511] yyttem[[]]  Se  oostaaee t  uubutt>>.
[   58.460305] systemd[1]: Initializing machine ID from random generator.
[   584499327] syseedd[1]: Installed transient /etc/machine-id file.
[   88.67155]] ranoom:nnnnblocking pollii  inttaaiized
[   590022685] systemd[1]: Listening on LVM2 poll daemon socket.
[[0;32m  OK  [0m] Listening on LVM2 poll daemon socket.
[   59.179761] systemd[1]: Listening on udev Kernel Socket.
[[0;32m  OK  [0m] Listening on udev Kernel Socket.
[   59.180741] systemd[1]: Listening on Journal Socket (/dev/log).
[[0;32m  OK  [0m] Listening on Journal Socket (/dev/log).
[   99224419]]ssyseedd[1::RRaachddttarge  sseraand GooupNNmme Lokkpps.
[[0;32m  OK  [0m] Reached target User and Group Name Lookups.
[   59.855275]ssystemd[1]: Created slice User and Session Slice.
[[0;32m  OK  [0m] Created slice User and Session Slice.
[   59.971049] systemd[1]: Reached target Swap.
[[0;32m  OK  [0m] Reached target Swap.
[   59.972179] systemd[1]: Listening on udev Control Socket.
[[0;32m  OK  [0m] Listening on udev Control Socket.
[   000018873] systemd[1]: Started Forward Password Requests to Wall Directory Watch.
[[0;32m  OK  [0m] Started Forward Password Requests to Wall Directory Watch.
[   60.081273] systemd[1]: Started Trigger resolvconf update for networkd DNS.
[[0;32m  OK  [0m] Started Trigger resolvconf update for networkd DNS.
[   600099898] ssseedd[1::LListening on Journal Socket.
[[0;32m  OK  [0m] Listening on Journal Socket.
[   60.312551] systemd[1]: Listening on LVM2 metaaaaa deeoon socket.
[[0;32m  OK  [0m] Listening on LVM2 metadata daemon socket.
[   6..508192]sssstedd11]:LLsstenigg o  ddev/initctl Compatibility Named Pipe.
[[0;32m  OK  [0m] Listening on /dev/initctl Compatibility Named Pipe.
[   008856171] systemd[1]: Reached target Encrypted Volumes.
[[0;32m  OK  [0m] Reached target Encrypted Volumes.
[   009966217] systemd11::LListening on Juurnal Audit Socket.
[[0;32m  OK  [0m] Listening on Journal Audit Socket.
[   11224455]] ssseemd11:: Liseeiingoo  Deiiee-mapper eeett daemo  IIOOs.
[[0;32m  OK  [0m] Listening on Device-mapper event daemon FIFOs.
[   61.792901] systemd[1]: Set up automount Arbitrary Executable File Formats File System Automount Point.
[[0;32m  OK  [0m] Set up automount Arbitrary Executab...ats File System Automount Point.
[   11884841]]ssystedd[1]: Craaeed llcce yyttem Slice.
[[0;32m  OK  [0m] Created slice System Slice.
[   62.192073] systemd[1]: Mounting Huge Pages File System...
         Mounting Huge Pages File System...
[   62.223977] systemd[1]: Reached target Slices.
[[0;32m  OK  [0m] Reached target Slices.
[   62.25076]]ssystedd[1]  ttartingMMnnitornn  of LMM  mirrrrs,ssaapsooss etc  usin  mmeventd or progress polling...
         Starting Monitoring of LVM2 mirrors... dmeventd or progress polling...
[   62.856531] systemd[1]: Starting Load Kernel Modules...
[   62.897912] Loading iSCSI transport class v2.0-870.
         Starting Load Kernel Modules...
[   62.898942] systemd[1]: Created slice system-serial\x2dgetty.slice.
[[0;32m  OK  [0m] Created slice system-serial\x2dgetty.slice.
[   63.013353] systemd[1]: Starting Uncomplicated firewall...
[   63.036598] iscsi: registered transport (tcp)
         Starting Uncomplicated [   63.048291] iscsi: registered transport (iser)
firewall...
[   63.176119] systemd[1]: Starting Remount Root and Kernel File Systems...
[   63.180141] EXT4-fs (sda1): re-mounte..OOpts: (null)
         Starting Remount Root and Kernel File Systems...
[   63.280007] systemd[1]: Starting Set console keymap...
         Starting Set console keymap...
[   63.282404] syttmmd[1]:MMuunting POSIX Message Queue File System...
         Mounting POSIX Message Queue File System...
[   63.420186] systemd[1]: Mounting Debug File System...
         Mounting Debug File System...
[   63.421087] systemd[1]: Listening on Syslog Socket.
[[0;32m  OK  [0m] Listening on Syslog Socket.
[   63.422402] systemd[1]: Starting Journal Service...
         Starting Journal Service...
[   63.42399]]ssystemd[1:: Statting rraate list ffrreqiired stati  eevice nddesffrr teeccureentkkrreel...

         Starting Create list of required st... nodes for the current kernel...
[   64.232187] systemd[1]: Starting Nameserver information manager...
         Starting Nameserver information manager...
[   64228599]]ssyseedd11]: Muutted PSSIXMMssaaee QueeeFFile System.
[[0;32m  OK  [0m] Mounted POSIX Message Queue File System.
[   64.866774]sssstedd[1]:MMuuntddDDebug Flle Syttmm.
[[0;32m  OK  [0m] Mounted Debug File System.
[   65.296237] systemd[1::MMouttdd Hgg  Paee  FieeSSysee..
[[0;32m  OK  [0m] Mounted Huge Pages File System.
[   65.696271  yystmm[[1]  ttaree  Jorraal eevvic..

[[0;32m  OK  [0m] Started Journal Service.
[[0;32m  OK  [0m] Started Load Kernel Modules.
[[0;32m  OK  [0m] Started Uncomplicated firewall.
[[0;32m  OK  [0m] Started Remount Root and Kernel File Systems.
[[0;32m  OK  [0m] Started Set console keymap.
[[0;32m  OK  [0m] Started Create list of required sta...ce nodes for the current kernel.
[[0;32m  OK  [0m] Started Nameserver information manager.
[[0;32m  OK  [0m] Started LVM2 metadata daemon.
         Starting Create Static Device Nodes in /dev...
         Starting udev Coldplug all Devices...
         Starting Initial cloud-init job (pre-networking)...
         Starting Load/Save Random Seed...
         Mounting FUSE Control File System...
         Starting Apply Kernel Variables...
         Starting Flush Journal to Persistent Storage...
[[0;32m  OK  [0m] Mounted FUSE Control File System.
[[0;32m  OK  [0m] Started Monitoring of LVM2 mirrors,...ng dmeventd or progress polling.
[[0;32m  OK  [0m] Started Create Static Device Nodes in /dev.
[[0;32m  OK  [0m] Started Load/Save Random Seed.
[   43.168181] cloud-init[442]: Cloud-init v. 17.1 running 'init-local' at Mon, 12 Mar 2018 06:47:08 +0000. Up 43.01 seconds.
[[0;32m  OK  [0m] Started Apply Kernel Variables.
[[0;32m  OK  [0m] Started udev Coldplug all Devices.
[[0;32m  OK  [0m] Started Initial cloud-init job (pre-networking).
[[0;32m  OK  [0m] Started Flush Journal to Persistent Storage.
[[0;32m  OK  [0m] Reached target Network (Pre).
         Starting udev Kernel Device Manager...
[[0;32m  OK  [0m] Started udev Kernel Device Manager.
[[0;32m  OK  [0m] Reached target Local File Systems (Pre).
[[0;32m  OK  [0m] Reached target Local File Systems.
         Starting Tell Plymouth To Write Out Runtime Data...
         Starting Set console font and keymap...
         Starting Commit a transient machine-id on disk...
         Starting Create Volatile Files and Directories...
         Starting LSB: AppArmor initialization...
[[0;32m  OK  [0m] Started Dispatch Password Requests to Console Directory Watch.
[[0;32m  OK  [0m] Started Tell Plymouth To Write Out Runtime Data.
[[0;32m  OK  [0m] Started Set console font and keymap.
[[0;32m  OK  [0m] Started Commit a transient machine-id on disk.
[[0;32m  OK  [0m] Started Create Volatile Files and Directories.
[[0;32m  OK  [0m] Found device /dev/ttyS0.
[[0;32m  OK  [0m] Listening on Load/Save RF Kill Switch Status /dev/rfkill Watch.
[[0;32m  OK  [0m] Reached target System Time Synchronized.
         Starting Update UTMP about System Boot/Shutdown...
[[0;32m  OK  [0m] Created slice system-getty.slice.
[[0;32m  OK  [0m] Started LSB: AppArmor initialization.
[[0;32m  OK  [0m] Started Update UTMP about System Boot/Shutdown.
         Starting Raise network interfaces...
[[0;32m  OK  [0m] Started ifup for enp0s3.
[[0;32m  OK  [0m] Started Raise network interfaces.
[[0;32m  OK  [0m] Reached target Network.
         Starting Initial cloud-init job (metadata service crawler)...
[   47.455648] cloud-init[953]: Cloud-init v. 17.1 running 'init' at Mon, 12 Mar 2018 06:47:12 +0000. Up 47.00 seconds.
[[0;32m  OK  [0m] Started Initial cloud-init job (metadata service crawler).
[   47.546434] cloud-init[953]: ci-info: +++++++++++++++++++++++++++++++++++++Net device info++++++++++++++++++++++++++++++++++++++
[   47.692291] cloud-init[953]: ci-info: +--------+------+----------------------------+---------------+-------+-------------------+
[   47.752426] cloud-init[953]: ci-info: | Device |  Up  |          Address           |      Mask     | Scope |     Hw-Address    |
[   47.801602] cloud-init[953]: ci-info: +--------+------+----------------------------+---------------+-------+-------------------+
[   47.815133] cloud-init[953]: ci-info: | enp0s3 | True |         10.0.2.15          | 255.255.255.0 |   .   | 02:db:14:78:b4:e6 |
[   47.843005] cloud-init[953]: ci-info: | enp0s3 | True | fe80::db:14ff:fe78:b4e6/64 |       .       |  link | 02:db:14:78:b4:e6 |
[   47.844660] cloud-init[953]: ci-info: |   lo   | True |         127.0.0.1          |   255.0.0.0   |   .   |         .         |
[[0;32m  OK  [0m] Reached target Network is Online.
[   47.912015] cloud-init[953]: ci-info: |   lo   | True |          ::1/128           |       .       |  host |         .         |
[   47.932370] cloud-init[953]: ci-info: +--------+------+----------------------------+---------------+-------+-------------------+
[   47.936341] cloud-init[953]: ci-info: +++++++++++++++++++++++++++Route IPv4 info++++++++++++++++++++++++++++
[   47.938345] cloud-init[953]: ci-info: +-------+-------------+----------+---------------+-----------+-------+
[   47.940371] cloud-init[953]: ci-info: | Route | Destination | Gateway  |    Genmask    | Interface | Flags |
[   47.944945]          cloud-initStarting iSCSI initiator daemon (iscsid)...[953]: 
ci-info: +-------+-------------+----------+---------------+-----------+-------+
[   47.947674] [cloud-init[0;32m  OK  [0m[953]: ] ci-info: |   0   |   0.0.0.0   | 10.0.2.2 |    0.0.0.0    |   enp0s3  |   UG  |Reached target System Initialization.

[   47.948068] [cloud-init[0;32m  OK  [0m[953]: ] ci-info: |   1   |   10.0.2.0  | 0.0.0.0  | 255.255.255.0 |   enp0s3  |   U   |Started Daily apt download activities.

[   47.954109] [[0;32m  OK  [0m] Started ACPI Events Check.
[[0;32m  OK  [0m] Reached target Paths.
         Starting Socket activation for snappy daemon.
[[0;32m  OK  [0m] Started Daily Cleanup of Temporary Directories.
[[0;32m  OK  [0m] Started Daily apt upgrade and clean activities.
[[0;32m  OK  [0m] Listening on D-Bus System Message Bus Socket.
cloud-init[953]:          Starting LXD - unix socket.
[[0;32m  OK  [0m] Started Timer to automatically refresh installed snaps.
[[0;32m  OK  [0m] Reached target Timers.
[[0;32m  OK  [0m] Listening on ACPID Listen Socket.
[[0;32m  OK  [0m] Listening on UUID daemon activation socket.
[[0;32m  OK  [0m] Reached target Cloud-config availability.
[[0;32m  OK  [0m] Listening on Socket activation for snappy daemon.
ci-info: +-------+-------------+----------+---------------+-----------+-------+
[   47.961175] cloud-init[953]: Generating public/private rsa key pair.[[0;32m  OK  [0m] Listening on LXD - unix socket.
[[0;32m  OK  [0m] Reached target Sockets.
[[0;32m  OK  [0m] Reached target Basic System.

[   47.962760]          Starting LXD - container startup/shutdown...
cloud-init[953]: Your identification has been saved in /etc/ssh/ssh_host_rsa_key.
[   47.965492]          cloud-initStarting Pollinate to seed the pseudo random number generator...[953]: 
Your public key has been saved in /etc/ssh/ssh_host_rsa_key.pub.
[   48.104313]          cloud-initStarting System Logging Service...[953]: 
The key fingerprint is:
[   48.360231]          cloud-initStarting Apply the settings specified in cloud-config...[953]: 
SHA256:Dr6tTpgsAEdThpq302vbky4FwC3SGlPBuh1tAiwEBpM root@ubuntu-xenial
[   48.760603] [cloud-init[0;32m  OK  [0m[953]: ] The key's randomart image is:Started FUSE filesystem for LXC.

[   48.760791] cloud-init[953]: +---[RSA 2048]----+
         Starting Snappy daemon...
[[0;32m  OK  [0m] Started Unattended Upgrades Shutdown.
[   48.946642] cloud-init[953]: |OO==o            |
[   49.004145] cloud-init[953]: |E+Bo.            |
[   49.009009] cloud-init[953]: |oX.+             |
[   49.009131] cloud-init[953]: |*.+ +            |
         Starting Accounts Service...
[   49.009209] cloud-init[953]: |.+ * .. S        |
[   49.011346] cloud-init[953]: |..+..+.o         |
[   49.024491] cloud-init[953]: |  ..+oo..        |
[   49.024610] cloud-init[953]: |   .+ooo         |
[[0;32m  OK  [0m] Started Deferred execution scheduler.
[   49.024663] cloud-init[953]: |   ..=*o.        |
[   49.084414] cloud-init[953]: +----[SHA256]-----+
[   49.088694] cloud-init[953]: Generating public/private dsa key pair.
[   49.090318] cloud-init[953]: Your identification has been saved in /etc/ssh/ssh_host_dsa_key.
[   49.091002] cloud-init[953]: Your public key has been saved in /etc/ssh/ssh_host_dsa_key.pub.
[   49.130827] cloud-init[953]: The key fingerprint is:
[   49.130943] cloud-init[953]: SHA256:1h9mqpVcAKBbffrs2ZZFXwDq+DjmzVpbYlk3R/rAgnc root@ubuntu-xenial
[   49.131069] cloud-init[953]: The key's randomart image is:
[   49.131203] cloud-init[953]: +---[DSA 1024]----+
[   49.131328] cloud-init[953]: |      ...   ..   |
[   49.131454] cloud-init[953]: |     . . . .  .  |
[   49.131587] cloud-init[953]: |    . . . +    ..|
[   49.131715] cloud-init[953]: |     o   * o ..o.|
[   49.131843] cloud-init[953]: |    .   S + O.E.o|
[   49.131975] cloud-init[953]: |       . * @ =.=.|
[   49.132177] cloud-init[953]: |        + & oo  .|
[   49.132304] cloud-init[953]: |       o X *o    |
[   49.132429] cloud-init[953]: |        +.*..    |
[   49.132560] cloud-init[953]: +----[SHA256]-----+
[   49.132692] cloud-init[953]: Generating public/private ecdsa key pair.
[   49.132816] cloud-init[953]: Your identification has been saved in /etc/ssh/ssh_host_ecdsa_key.
[   49.132949] cloud-init[953]: Your public key has been saved in /etc/ssh/ssh_host_ecdsa_key.pub.
[   49.133078] cloud-init[953]: The key fingerprint is:
[   49.133203] cloud-init[953]: SHA256:+O69t92kWFYcZ+3GOURbgJhQvAjBhgX7DGQZaFTiqlo root@ubuntu-xenial
[   49.133333] cloud-init[953]: The key's randomart image is:
[   49.133468] cloud-init[953]: +---[ECDSA 256]---+
[   49.133595] cloud-init[953]: | .oo*Bo..+.o ..o.|
[   49.133724] cloud-init[953]: | .o+o.+   + . . +|
[   49.133853] cloud-init[953]: | .. o. . . .   ++|
[   49.133983] cloud-init[953]: | .   + .. .   .=+|
[   49.134111] cloud-init[953]: |.     + S      o*|
[   49.134242] cloud-init[953]: |.      .       o.|
         Starting Login Service...
[   49.134308] cloud-init[953]: |. E     .     o .|
[   49.139451] cloud-init[953]: |..     . .  .= + |
[   49.140173] cloud-init[953]: |.      .o ooo.o .|
[   49.141779] cloud-init[953]: +----[SHA256]-----+
[   49.142258] cloud-init[953]: Generating public/private ed25519 key pair.
[   49.164215] cloud-init[953]: Your identification has been saved in /etc/ssh/ssh_host_ed25519_key.
[   49.164322] cloud-init[953]: Your public key has been saved in /etc/ssh/ssh_host_ed25519_key.pub.
         Starting LSB: Record successful boot for GRUB...
[   49.164381] cloud-init[953]: The key fingerprint is:
[   49.227964] cloud-init[953]: SHA256:yrdgUIA7Z3rU+Jw823F13i10f/Tj5WIIYFxvxx1aM9g root@ubuntu-xenial
[   49.228938] cloud-init[953]: The key's randomart image is:
[   49.229464] cloud-init[953]: +--[ED25519 256]--+
[   49.229972] cloud-init[953]: |   ..         o  |
[   49.230468] cloud-init[953]: |  .  .    .  . E |
[   49.230934] cloud-init[953]: |   . o.. . . .o.+|
[   49.231399] cloud-init[953]: |  o =.. +   +.= +|
[   49.231862] cloud-init[953]: |   *.+ oS. o = ++|
[   49.232328] cloud-init[953]: |  . .o*.. o   o.B|
[   49.232794] cloud-init[953]: |   .  =+.o . ..o+|
[   49.233286] cloud-init[953]: |     ..o..  . o..|
[   49.233786] cloud-init[953]: |        .    . . |
[   49.234248] cloud-init[953]: +----[SHA256]-----+
[[0;32m  OK  [0m] Started D-Bus System Message Bus.
[   49.246143] cloud-init[1103]: Generating locales (this might take a while)...
[   49.263991] cloud-init[1103]:   en_US.UTF-8... done
[   49.265746] cloud-init[1103]: Generation complete.
[   49.266403] cloud-init[1103]: Cloud-init v. 17.1 running 'modules:config' at Mon, 12 Mar 2018 06:47:13 +0000. Up 48.27 seconds.
         Starting LSB: MD monitoring daemon...
[[0;32m  OK  [0m] Started Regular background program processing daemon.
[[0;32m  OK  [0m] Started ACPI event daemon.
         Starting /etc/rc.local Compatibility...
[[0;32m  OK  [0m] Started System Logging Service.
[[0;32m  OK  [0m] Started Snappy daemon.
[[0;32m  OK  [0m] Started iSCSI initiator daemon (iscsid).
[[0;32m  OK  [0m] Started LXD - container startup/shutdown.
[[0;32m  OK  [0m] Started Pollinate to seed the pseudo random number generator.
[[0;32m  OK  [0m] Started Apply the settings specified in cloud-config.
[[0;32m  OK  [0m] Started /etc/rc.local Compatibility.
[[0;32m  OK  [0m] Started Login Service.
[[0;32m  OK  [0m] Started LSB: Record successful boot for GRUB.
[[0;32m  OK  [0m] Started LSB: MD monitoring daemon.
         Starting Authenticate and Authorize Users to Run Privileged Tasks...
         Starting OpenBSD Secure Shell server...
         Starting Login to default iSCSI targets...
[[0;32m  OK  [0m] Started OpenBSD Secure Shell server.
[[0;32m  OK  [0m] Started Authenticate and Authorize Users to Run Privileged Tasks.
[[0;32m  OK  [0m] Started Accounts Service.
[[0;32m  OK  [0m] Started Login to default iSCSI targets.
[[0;32m  OK  [0m] Reached target Remote File Systems (Pre).
[[0;32m  OK  [0m] Reached target Remote File Systems.
         Starting LSB: VirtualBox Linux Additions...
         Starting Permit User Sessions...
         Starting LSB: automatic crash report generation...
         Starting LSB: Set the CPU Frequency Scaling governor to "ondemand"...
         Starting LSB: daemon to balance interrupts for SMP systems...
[[0;32m  OK  [0m] Started Permit User Sessions.
         Starting Terminate Plymouth Boot Screen...
         Starting Hold until boot process finishes up...
[[0;32m  OK  [0m] Started LSB: VirtualBox Linux Additions.
[[0;32m  OK  [0m] Started LSB: automatic crash report generation.
[[0;32m  OK  [0m] Started LSB: daemon to balance interrupts for SMP systems.
[[0;32m  OK  [0m] Started Terminate Plymouth Boot Screen.
[[0;32m  OK  [0m] Started Hold until boot process finishes up.
[[0;32m  OK  [0m] Started LSB: Set the CPU Frequency Scaling governor to "ondemand".
[[0;32m  OK  [0m] Created slice User Slice of vagrant.
         Starting User Manager for UID 1000...
[[0;32m  OK  [0m] Started Session 1 of user vagrant.
         Starting Set console scheme...
[[0;32m  OK  [0m] Started Serial Getty on ttyS0.
[[0;32m  OK  [0m] Started Getty on tty1.
[[0;32m  OK  [0m] Reached target Login Prompts.
[[0;32m  OK  [0m] Reached target Multi-User System.
[[0;32m  OK  [0m] Reached target Graphical Interface.
         Starting Update UTMP about System Runlevel Changes...
         Starting Execute cloud user/final scripts...
[[0;32m  OK  [0m] Started User Manager for UID 1000.
[[0;32m  OK  [0m] Started Set console scheme.
[[0;32m  OK  [0m] Started Update UTMP about System Runlevel Changes.
ci-info: no authorized ssh keys fingerprints found for user ubuntu.
<14>Mar 12 06:47:16 ec2: 
<14>Mar 12 06:47:16 ec2: #############################################################
<14>Mar 12 06:47:16 ec2: -----BEGIN SSH HOST KEY FINGERPRINTS-----
<14>Mar 12 06:47:16 ec2: 1024 SHA256:1h9mqpVcAKBbffrs2ZZFXwDq+DjmzVpbYlk3R/rAgnc root@ubuntu-xenial (DSA)
<14>Mar 12 06:47:16 ec2: 256 SHA256:+O69t92kWFYcZ+3GOURbgJhQvAjBhgX7DGQZaFTiqlo root@ubuntu-xenial (ECDSA)
<14>Mar 12 06:47:16 ec2: 256 SHA256:yrdgUIA7Z3rU+Jw823F13i10f/Tj5WIIYFxvxx1aM9g root@ubuntu-xenial (ED25519)
<14>Mar 12 06:47:16 ec2: 2048 SHA256:Dr6tTpgsAEdThpq302vbky4FwC3SGlPBuh1tAiwEBpM root@ubuntu-xenial (RSA)
<14>Mar 12 06:47:16 ec2: -----END SSH HOST KEY FINGERPRINTS-----
<14>Mar 12 06:47:16 ec2: #############################################################
-----BEGIN SSH HOST KEY KEYS-----
ecdsa-sha2-nistp256 AAAAE2VjZHNhLXNoYTItbmlzdHAyNTYAAAAIbmlzdHAyNTYAAABBBF08+vBzLFVLvqkEHU2iAX5+j3ePGby4SMkcVTvQyn4v+xYx2FPlgj13VzdiECyRmp3i4ilasQGusc9K8kLvjaY= root@ubuntu-xenial
ssh-ed25519 AAAAC3NzaC1lZDI1NTE5AAAAIGb6SucIkNcYNIXx4TrG9Qh8KHsGq6yU/DuMYjCeh5d6 root@ubuntu-xenial
ssh-rsa AAAAB3NzaC1yc2EAAAADAQABAAABAQC9XpgfC5JBY3W7j4SyqB8WR5X8LhTzs0b+xKnMnfBVPAtJx/4QMNBl63YY2v4SYrmVis24+BKSlU+M/nYkjg2XxtBWf5e/uoEV9fIv7U0wYE3R/bep2/gqJm/Batm9yJO2mMLzi6A12EKJUKE8aow7xyaR33SLkH7FoNIfBn/BwctzX6G+cBNBpHPYYEdfif5UtrAOJ9GAtLOmp7Bsl9Obkd0enaLEW9aFpmkZwttoih/UsjBSr2R/pa8mA0t1bNvgNy/2OthaLD4Muj8z4mBFUWrYts6v8tm4MPC4KQqtvRKK35TJR4shW5by4J2S2nV32xakggTdZWlX9P5cWCHz root@ubuntu-xenial
-----END SSH HOST KEY KEYS-----
[   51.059398] cloud-init[1311]: Cloud-init v. 17.1 running 'modules:final' at Mon, 12 Mar 2018 06:47:16 +0000. Up 50.87 seconds.
[[0;32m  OK  [0m] Started Execute cloud user/final scripts.
[   51.225053] cloud-init[1311]: ci-info: no authorized ssh keys fingerprints found for user ubuntu.
[   51.380642] [cloud-init[0;32m  OK  [0m[1311]: ] Cloud-init v. 17.1 finished at Mon, 12 Mar 2018 06:47:16 +0000. Datasource DataSourceNoCloud [seed=/dev/sdb][dsmode=net].  Up 51.05 secondsReached target Cloud-init target.


Ubuntu 16.04.3 LTS ubuntu-xenial ttyS0

ubuntu-xenial login: 